<?xml version="1.0" encoding="UTF-8"?>
<robot generator="Robot 4.1.3 (Python 3.10.2 on win32)" generated="20220201 18:43:36.375" rpa="false" schemaversion="2">
<suite id="s1" name="Test" source="C:\Users\luidi.oliveira\Desktop\curso\exemplo1\test.robot">
<test id="s1-t1" name="Caso de teste 01: acessar o navegador">
<kw name="Abrir Navegador" library="resource">
<kw name="Open Browser" library="SeleniumLibrary">
<arg>about:blank</arg>
<arg>chrome</arg>
<doc>Opens a new browser instance to the optional ``url``.</doc>
<msg timestamp="20220201 18:43:36.632" level="INFO">Opening browser 'chrome' to base url 'about:blank'.</msg>
<status status="PASS" starttime="20220201 18:43:36.632" endtime="20220201 18:43:39.328"/>
</kw>
<kw name="Maximize Browser Window" library="SeleniumLibrary">
<doc>Maximizes current browser window.</doc>
<status status="PASS" starttime="20220201 18:43:39.328" endtime="20220201 18:43:39.452"/>
</kw>
<status status="PASS" starttime="20220201 18:43:36.632" endtime="20220201 18:43:39.453"/>
</kw>
<kw name="Acessar o Google" library="resource">
<kw name="Sleep" library="BuiltIn">
<arg>5s</arg>
<doc>Pauses the test executed for the given time.</doc>
<msg timestamp="20220201 18:43:44.465" level="INFO">Slept 5 seconds</msg>
<status status="PASS" starttime="20220201 18:43:39.454" endtime="20220201 18:43:44.465"/>
</kw>
<kw name="Go To" library="SeleniumLibrary">
<arg>https://www.google.com.br</arg>
<doc>Navigates the current browser window to the provided ``url``.</doc>
<msg timestamp="20220201 18:43:44.465" level="INFO">Opening url 'https://www.google.com.br'</msg>
<status status="PASS" starttime="20220201 18:43:44.465" endtime="20220201 18:43:47.241"/>
</kw>
<status status="PASS" starttime="20220201 18:43:39.454" endtime="20220201 18:43:47.241"/>
</kw>
<kw name="Fechar Navegador" library="resource">
<kw name="Close Browser" library="SeleniumLibrary">
<doc>Closes the current browser.</doc>
<status status="PASS" starttime="20220201 18:43:47.241" endtime="20220201 18:43:49.704"/>
</kw>
<status status="PASS" starttime="20220201 18:43:47.241" endtime="20220201 18:43:49.705"/>
</kw>
<status status="PASS" starttime="20220201 18:43:36.631" endtime="20220201 18:43:49.705"/>
</test>
<status status="PASS" starttime="20220201 18:43:36.381" endtime="20220201 18:43:49.706"/>
</suite>
<statistics>
<total>
<stat pass="1" fail="0" skip="0">All Tests</stat>
</total>
<tag>
</tag>
<suite>
<stat pass="1" fail="0" skip="0" id="s1" name="Test">Test</stat>
</suite>
</statistics>
<errors>
</errors>
</robot>
