<?xml version="1.0" encoding="UTF-8"?>
<robot generator="Robot 4.1.3 (Python 3.10.2 on win32)" generated="20220208 19:22:33.401" rpa="false" schemaversion="2">
<suite id="s1" name="Test" source="C:\Users\luidi.oliveira\Desktop\curso\exemplo2\test.robot">
<test id="s1-t1" name="Caso de teste 01:">
<kw name="Abrir Navegador" library="resource" type="SETUP">
<kw name="Open Browser" library="SeleniumLibrary">
<arg>about:blank</arg>
<arg>chrome</arg>
<doc>Opens a new browser instance to the optional ``url``.</doc>
<msg timestamp="20220208 19:22:33.658" level="INFO">Opening browser 'chrome' to base url 'about:blank'.</msg>
<status status="PASS" starttime="20220208 19:22:33.657" endtime="20220208 19:22:36.124"/>
</kw>
<kw name="Maximize Browser Window" library="SeleniumLibrary">
<doc>Maximizes current browser window.</doc>
<status status="PASS" starttime="20220208 19:22:36.124" endtime="20220208 19:22:36.263"/>
</kw>
<status status="PASS" starttime="20220208 19:22:33.657" endtime="20220208 19:22:36.263"/>
</kw>
<kw name="Abrir o site 4devs" library="resource">
<kw name="Sleep" library="BuiltIn">
<arg>5s</arg>
<doc>Pauses the test executed for the given time.</doc>
<msg timestamp="20220208 19:22:41.278" level="INFO">Slept 5 seconds</msg>
<status status="PASS" starttime="20220208 19:22:36.264" endtime="20220208 19:22:41.279"/>
</kw>
<kw name="Go To" library="SeleniumLibrary">
<arg>https://www.4devs.com.br/</arg>
<doc>Navigates the current browser window to the provided ``url``.</doc>
<msg timestamp="20220208 19:22:41.279" level="INFO">Opening url 'https://www.4devs.com.br/'</msg>
<status status="PASS" starttime="20220208 19:22:41.279" endtime="20220208 19:25:57.914"/>
</kw>
<status status="PASS" starttime="20220208 19:22:36.264" endtime="20220208 19:25:57.914"/>
</kw>
<kw name="Clicar em gerador de CPF" library="resource">
<kw name="Wait Until Element Is Visible" library="SeleniumLibrary">
<arg>//*[@id="top-nav"]/li[6]/a</arg>
<doc>Waits until the element ``locator`` is visible.</doc>
<status status="PASS" starttime="20220208 19:25:57.915" endtime="20220208 19:25:57.945"/>
</kw>
<kw name="Click Element" library="SeleniumLibrary">
<arg>//*[@id="top-nav"]/li[6]/a</arg>
<doc>Click the element identified by ``locator``.</doc>
<msg timestamp="20220208 19:25:57.946" level="INFO">Clicking element '//*[@id="top-nav"]/li[6]/a'.</msg>
<status status="PASS" starttime="20220208 19:25:57.945" endtime="20220208 19:26:06.703"/>
</kw>
<status status="PASS" starttime="20220208 19:25:57.914" endtime="20220208 19:26:06.704"/>
</kw>
<kw name="Clicar em selecionar &quot;nao&quot;" library="resource" sourcename="Clicar em selecionar &quot;${Pontuacao}&quot;">
<if>
<branch type="IF" condition="$Pontuacao == &quot;nao&quot;">
<kw name="Click Element" library="SeleniumLibrary">
<arg>//*[@id="pontuacao_nao"]</arg>
<doc>Click the element identified by ``locator``.</doc>
<msg timestamp="20220208 19:26:06.708" level="INFO">Clicking element '//*[@id="pontuacao_nao"]'.</msg>
<status status="PASS" starttime="20220208 19:26:06.707" endtime="20220208 19:26:06.747"/>
</kw>
<status status="PASS" starttime="20220208 19:26:06.707" endtime="20220208 19:26:06.747"/>
</branch>
<branch type="ELSE">
<kw name="Click Element" library="SeleniumLibrary">
<arg>//*[@id="pontuacao_sim"]</arg>
<doc>Click the element identified by ``locator``.</doc>
<status status="NOT RUN" starttime="20220208 19:26:06.748" endtime="20220208 19:26:06.748"/>
</kw>
<status status="NOT RUN" starttime="20220208 19:26:06.747" endtime="20220208 19:26:06.748"/>
</branch>
<status status="PASS" starttime="20220208 19:26:06.704" endtime="20220208 19:26:06.748"/>
</if>
<status status="PASS" starttime="20220208 19:26:06.704" endtime="20220208 19:26:06.748"/>
</kw>
<kw name="Clicar em gerar CPF" library="resource">
<kw name="Wait Until Element Is Visible" library="SeleniumLibrary">
<arg>//*[@id="bt_gerar_cpf"]</arg>
<doc>Waits until the element ``locator`` is visible.</doc>
<status status="PASS" starttime="20220208 19:26:06.748" endtime="20220208 19:26:06.768"/>
</kw>
<kw name="Click Element" library="SeleniumLibrary">
<arg>//*[@id="bt_gerar_cpf"]</arg>
<doc>Click the element identified by ``locator``.</doc>
<msg timestamp="20220208 19:26:06.769" level="INFO">Clicking element '//*[@id="bt_gerar_cpf"]'.</msg>
<status status="PASS" starttime="20220208 19:26:06.768" endtime="20220208 19:26:06.846"/>
</kw>
<status status="PASS" starttime="20220208 19:26:06.748" endtime="20220208 19:26:06.847"/>
</kw>
<status status="PASS" starttime="20220208 19:22:33.656" endtime="20220208 19:26:06.847"/>
</test>
<test id="s1-t2" name="Caso de teste 02:">
<kw name="Abrir Navegador" library="resource" type="SETUP">
<kw name="Open Browser" library="SeleniumLibrary">
<arg>about:blank</arg>
<arg>chrome</arg>
<doc>Opens a new browser instance to the optional ``url``.</doc>
<msg timestamp="20220208 19:26:06.850" level="INFO">Opening browser 'chrome' to base url 'about:blank'.</msg>
<status status="PASS" starttime="20220208 19:26:06.850" endtime="20220208 19:26:09.862"/>
</kw>
<kw name="Maximize Browser Window" library="SeleniumLibrary">
<doc>Maximizes current browser window.</doc>
<status status="PASS" starttime="20220208 19:26:09.862" endtime="20220208 19:26:09.991"/>
</kw>
<status status="PASS" starttime="20220208 19:26:06.849" endtime="20220208 19:26:09.991"/>
</kw>
<kw name="Abrir o site 4devs" library="resource">
<kw name="Sleep" library="BuiltIn">
<arg>5s</arg>
<doc>Pauses the test executed for the given time.</doc>
<msg timestamp="20220208 19:26:14.994" level="INFO">Slept 5 seconds</msg>
<status status="PASS" starttime="20220208 19:26:09.992" endtime="20220208 19:26:14.994"/>
</kw>
<kw name="Go To" library="SeleniumLibrary">
<arg>https://www.4devs.com.br/</arg>
<doc>Navigates the current browser window to the provided ``url``.</doc>
<msg timestamp="20220208 19:26:14.994" level="INFO">Opening url 'https://www.4devs.com.br/'</msg>
<status status="PASS" starttime="20220208 19:26:14.994" endtime="20220208 19:27:21.851"/>
</kw>
<status status="PASS" starttime="20220208 19:26:09.991" endtime="20220208 19:27:21.851"/>
</kw>
<kw name="Clicar em gerador de pessoas" library="resource">
<kw name="Wait Until Element Is Visible" library="SeleniumLibrary">
<arg>//*[@id="top-nav"]/li[23]/a</arg>
<doc>Waits until the element ``locator`` is visible.</doc>
<status status="PASS" starttime="20220208 19:27:21.852" endtime="20220208 19:27:21.923"/>
</kw>
<kw name="Click Element" library="SeleniumLibrary">
<arg>//*[@id="top-nav"]/li[23]/a</arg>
<doc>Click the element identified by ``locator``.</doc>
<msg timestamp="20220208 19:27:21.924" level="INFO">Clicking element '//*[@id="top-nav"]/li[23]/a'.</msg>
<status status="PASS" starttime="20220208 19:27:21.923" endtime="20220208 19:27:22.835"/>
</kw>
<status status="PASS" starttime="20220208 19:27:21.851" endtime="20220208 19:27:22.835"/>
</kw>
<kw name="Clicar em gerar nomes" library="resource">
<kw name="Wait Until Element Is Visible" library="SeleniumLibrary">
<arg>//*[@id="bt_gerar_pessoa"]</arg>
<doc>Waits until the element ``locator`` is visible.</doc>
<status status="PASS" starttime="20220208 19:27:22.836" endtime="20220208 19:27:22.863"/>
</kw>
<kw name="Click Element" library="SeleniumLibrary">
<arg>//*[@id="bt_gerar_pessoa"]</arg>
<doc>Click the element identified by ``locator``.</doc>
<msg timestamp="20220208 19:27:22.864" level="INFO">Clicking element '//*[@id="bt_gerar_pessoa"]'.</msg>
<status status="PASS" starttime="20220208 19:27:22.863" endtime="20220208 19:27:22.942"/>
</kw>
<status status="PASS" starttime="20220208 19:27:22.835" endtime="20220208 19:27:22.943"/>
</kw>
<status status="PASS" starttime="20220208 19:26:06.848" endtime="20220208 19:27:22.943"/>
</test>
<test id="s1-t3" name="Caso de teste 03:">
<kw name="Abrir Navegador" library="resource" type="SETUP">
<kw name="Open Browser" library="SeleniumLibrary">
<arg>about:blank</arg>
<arg>chrome</arg>
<doc>Opens a new browser instance to the optional ``url``.</doc>
<msg timestamp="20220208 19:27:22.946" level="INFO">Opening browser 'chrome' to base url 'about:blank'.</msg>
<status status="PASS" starttime="20220208 19:27:22.946" endtime="20220208 19:27:26.087"/>
</kw>
<kw name="Maximize Browser Window" library="SeleniumLibrary">
<doc>Maximizes current browser window.</doc>
<status status="PASS" starttime="20220208 19:27:26.087" endtime="20220208 19:27:26.236"/>
</kw>
<status status="PASS" starttime="20220208 19:27:22.945" endtime="20220208 19:27:26.236"/>
</kw>
<kw name="Abrir o site 4devs" library="resource">
<kw name="Sleep" library="BuiltIn">
<arg>5s</arg>
<doc>Pauses the test executed for the given time.</doc>
<msg timestamp="20220208 19:27:31.252" level="INFO">Slept 5 seconds</msg>
<status status="PASS" starttime="20220208 19:27:26.237" endtime="20220208 19:27:31.252"/>
</kw>
<kw name="Go To" library="SeleniumLibrary">
<arg>https://www.4devs.com.br/</arg>
<doc>Navigates the current browser window to the provided ``url``.</doc>
<msg timestamp="20220208 19:27:31.252" level="INFO">Opening url 'https://www.4devs.com.br/'</msg>
<status status="PASS" starttime="20220208 19:27:31.252" endtime="20220208 19:28:36.645"/>
</kw>
<status status="PASS" starttime="20220208 19:27:26.236" endtime="20220208 19:28:36.645"/>
</kw>
<kw name="Clicar em gerador de CPF" library="resource">
<kw name="Wait Until Element Is Visible" library="SeleniumLibrary">
<arg>//*[@id="top-nav"]/li[6]/a</arg>
<doc>Waits until the element ``locator`` is visible.</doc>
<status status="PASS" starttime="20220208 19:28:36.646" endtime="20220208 19:28:36.677"/>
</kw>
<kw name="Click Element" library="SeleniumLibrary">
<arg>//*[@id="top-nav"]/li[6]/a</arg>
<doc>Click the element identified by ``locator``.</doc>
<msg timestamp="20220208 19:28:36.677" level="INFO">Clicking element '//*[@id="top-nav"]/li[6]/a'.</msg>
<status status="PASS" starttime="20220208 19:28:36.677" endtime="20220208 19:28:43.581"/>
</kw>
<status status="PASS" starttime="20220208 19:28:36.646" endtime="20220208 19:28:43.582"/>
</kw>
<kw name="Clicar em selecionar &quot;sim&quot;" library="resource" sourcename="Clicar em selecionar &quot;${Pontuacao}&quot;">
<if>
<branch type="IF" condition="$Pontuacao == &quot;nao&quot;">
<kw name="Click Element" library="SeleniumLibrary">
<arg>//*[@id="pontuacao_nao"]</arg>
<doc>Click the element identified by ``locator``.</doc>
<status status="NOT RUN" starttime="20220208 19:28:43.582" endtime="20220208 19:28:43.582"/>
</kw>
<status status="NOT RUN" starttime="20220208 19:28:43.582" endtime="20220208 19:28:43.582"/>
</branch>
<branch type="ELSE">
<kw name="Click Element" library="SeleniumLibrary">
<arg>//*[@id="pontuacao_sim"]</arg>
<doc>Click the element identified by ``locator``.</doc>
<msg timestamp="20220208 19:28:43.583" level="INFO">Clicking element '//*[@id="pontuacao_sim"]'.</msg>
<status status="PASS" starttime="20220208 19:28:43.583" endtime="20220208 19:28:43.636"/>
</kw>
<status status="PASS" starttime="20220208 19:28:43.583" endtime="20220208 19:28:43.636"/>
</branch>
<status status="PASS" starttime="20220208 19:28:43.582" endtime="20220208 19:28:43.636"/>
</if>
<status status="PASS" starttime="20220208 19:28:43.582" endtime="20220208 19:28:43.636"/>
</kw>
<kw name="Clicar em gerar CPF" library="resource">
<kw name="Wait Until Element Is Visible" library="SeleniumLibrary">
<arg>//*[@id="bt_gerar_cpf"]</arg>
<doc>Waits until the element ``locator`` is visible.</doc>
<status status="PASS" starttime="20220208 19:28:43.637" endtime="20220208 19:28:44.069"/>
</kw>
<kw name="Click Element" library="SeleniumLibrary">
<arg>//*[@id="bt_gerar_cpf"]</arg>
<doc>Click the element identified by ``locator``.</doc>
<msg timestamp="20220208 19:28:44.069" level="INFO">Clicking element '//*[@id="bt_gerar_cpf"]'.</msg>
<status status="PASS" starttime="20220208 19:28:44.069" endtime="20220208 19:28:44.117"/>
</kw>
<status status="PASS" starttime="20220208 19:28:43.636" endtime="20220208 19:28:44.117"/>
</kw>
<status status="PASS" starttime="20220208 19:27:22.944" endtime="20220208 19:28:44.117"/>
</test>
<status status="PASS" starttime="20220208 19:22:33.406" endtime="20220208 19:28:44.118"/>
</suite>
<statistics>
<total>
<stat pass="3" fail="0" skip="0">All Tests</stat>
</total>
<tag>
</tag>
<suite>
<stat pass="3" fail="0" skip="0" id="s1" name="Test">Test</stat>
</suite>
</statistics>
<errors>
</errors>
</robot>
