<?xml version="1.0" encoding="UTF-8"?>
<robot generator="Robot 4.1.3 (Python 3.10.2 on win32)" generated="20220215 18:54:59.129" rpa="false" schemaversion="2">
<suite id="s1" name="Test" source="C:\Users\luidi.oliveira\Desktop\curso\exemplo3\test.robot">
<test id="s1-t1" name="Test case 01:">
<kw name="Open Chrome" library="resource" type="SETUP">
<kw name="Open Browser" library="SeleniumLibrary">
<arg>about:blank</arg>
<arg>chrome</arg>
<doc>Opens a new browser instance to the optional ``url``.</doc>
<msg timestamp="20220215 18:54:59.438" level="INFO">Opening browser 'chrome' to base url 'about:blank'.</msg>
<status status="PASS" starttime="20220215 18:54:59.438" endtime="20220215 18:55:02.879"/>
</kw>
<kw name="Maximize Browser Window" library="SeleniumLibrary">
<doc>Maximizes current browser window.</doc>
<status status="PASS" starttime="20220215 18:55:02.879" endtime="20220215 18:55:03.009"/>
</kw>
<status status="PASS" starttime="20220215 18:54:59.438" endtime="20220215 18:55:03.010"/>
</kw>
<kw name="Open website" library="resource">
<kw name="Sleep" library="BuiltIn">
<arg>5s</arg>
<doc>Pauses the test executed for the given time.</doc>
<msg timestamp="20220215 18:55:08.021" level="INFO">Slept 5 seconds</msg>
<status status="PASS" starttime="20220215 18:55:03.011" endtime="20220215 18:55:08.021"/>
</kw>
<kw name="Go To" library="SeleniumLibrary">
<arg>http://automationpractice.com/</arg>
<doc>Navigates the current browser window to the provided ``url``.</doc>
<msg timestamp="20220215 18:55:08.021" level="INFO">Opening url 'http://automationpractice.com/'</msg>
<status status="PASS" starttime="20220215 18:55:08.021" endtime="20220215 18:55:12.876"/>
</kw>
<status status="PASS" starttime="20220215 18:55:03.010" endtime="20220215 18:55:12.877"/>
</kw>
<kw name="Write search text &quot;blouse&quot;" library="resource" sourcename="Write search text &quot;${Text}&quot;">
<kw name="Wait Until Element Is Visible" library="SeleniumLibrary">
<arg>//*[@id="search_query_top"]</arg>
<doc>Waits until the element ``locator`` is visible.</doc>
<status status="PASS" starttime="20220215 18:55:12.877" endtime="20220215 18:55:12.905"/>
</kw>
<kw name="Input Text" library="SeleniumLibrary">
<arg>//*[@id="search_query_top"]</arg>
<arg>${Text}</arg>
<doc>Types the given ``text`` into the text field identified by ``locator``.</doc>
<msg timestamp="20220215 18:55:12.906" level="INFO">Typing text 'blouse' into text field '//*[@id="search_query_top"]'.</msg>
<status status="PASS" starttime="20220215 18:55:12.905" endtime="20220215 18:55:13.002"/>
</kw>
<status status="PASS" starttime="20220215 18:55:12.877" endtime="20220215 18:55:13.002"/>
</kw>
<kw name="Click search button" library="resource">
<kw name="Wait Until Element Is Visible" library="SeleniumLibrary">
<arg>//*[@id="searchbox"]/button</arg>
<doc>Waits until the element ``locator`` is visible.</doc>
<status status="PASS" starttime="20220215 18:55:13.003" endtime="20220215 18:55:13.023"/>
</kw>
<kw name="Click Element" library="SeleniumLibrary">
<arg>//*[@id="searchbox"]/button</arg>
<doc>Click the element identified by ``locator``.</doc>
<msg timestamp="20220215 18:55:13.024" level="INFO">Clicking element '//*[@id="searchbox"]/button'.</msg>
<status status="PASS" starttime="20220215 18:55:13.023" endtime="20220215 18:55:14.240"/>
</kw>
<status status="PASS" starttime="20220215 18:55:13.002" endtime="20220215 18:55:14.240"/>
</kw>
<kw name="Check if title is &quot;Search - My Store&quot;" library="resource" sourcename="Check if title is &quot;${Title}&quot;">
<kw name="Wait Until Element Is Visible" library="SeleniumLibrary">
<arg>//*[@id="center_column"]/ul/li</arg>
<doc>Waits until the element ``locator`` is visible.</doc>
<status status="PASS" starttime="20220215 18:55:14.241" endtime="20220215 18:55:14.262"/>
</kw>
<kw name="Title Should Be" library="SeleniumLibrary">
<arg>${Title}</arg>
<doc>Verifies that the current page title equals ``title``.</doc>
<msg timestamp="20220215 18:55:14.266" level="INFO">Page title is 'Search - My Store'.</msg>
<status status="PASS" starttime="20220215 18:55:14.262" endtime="20220215 18:55:14.266"/>
</kw>
<status status="PASS" starttime="20220215 18:55:14.240" endtime="20220215 18:55:14.266"/>
</kw>
<kw name="Check if result is &quot;Blouse&quot;" library="resource" sourcename="Check if result is &quot;${Result}&quot;">
<kw name="Element Should Contain" library="SeleniumLibrary">
<arg>//*[@id="center_column"]/ul/li/div/div[2]/h5/a</arg>
<arg>${Result}</arg>
<doc>Verifies that element ``locator`` contains text ``expected``.</doc>
<msg timestamp="20220215 18:55:14.285" level="INFO">Element '//*[@id="center_column"]/ul/li/div/div[2]/h5/a' contains text 'Blouse'.</msg>
<status status="PASS" starttime="20220215 18:55:14.267" endtime="20220215 18:55:14.285"/>
</kw>
<status status="PASS" starttime="20220215 18:55:14.266" endtime="20220215 18:55:14.285"/>
</kw>
<status status="PASS" starttime="20220215 18:54:59.437" endtime="20220215 18:55:14.285"/>
</test>
<status status="PASS" starttime="20220215 18:54:59.137" endtime="20220215 18:55:14.286"/>
</suite>
<statistics>
<total>
<stat pass="1" fail="0" skip="0">All Tests</stat>
</total>
<tag>
</tag>
<suite>
<stat pass="1" fail="0" skip="0" id="s1" name="Test">Test</stat>
</suite>
</statistics>
<errors>
</errors>
</robot>
